\BOOKMARK [1][-]{section.1}{\376\377\175\322\212\000}{}% 1
\BOOKMARK [1][-]{section.2}{\376\377\202\162\211\232\165\160\136\070\060\150\060\253\060\351\060\374\060\346\060\313\060\320\060\374\060\265\060\353\060\307\060\266\060\244\060\363\377\010\000C\000U\000D\377\011\060\153\060\144\060\104\060\146}{}% 2
\BOOKMARK [2][-]{subsection.2.1}{\376\377\202\162\211\232\165\160\136\070\060\153\060\144\060\104\060\146}{section.2}% 3
\BOOKMARK [2][-]{subsection.2.2}{\376\377\202\162\211\232\165\160\136\070\060\156\211\213\060\110\145\271\060\150\000C\000U\000D\060\153\060\144\060\104\060\146}{section.2}% 4
\BOOKMARK [2][-]{subsection.2.3}{\376\377\000C\000U\000D\060\156\146\156\123\312\060\153\124\021\060\121\060\137\155\073\122\325}{section.2}% 5
\BOOKMARK [1][-]{section.3}{\376\377\000C\000U\000D\145\131\200\262\060\153\060\144\060\104\060\146}{}% 6
\BOOKMARK [2][-]{subsection.3.1}{\376\377\151\202\211\201}{section.3}% 7
\BOOKMARK [2][-]{subsection.3.2}{\376\377\000C\000U\000D\145\131\200\262\060\153\060\112\060\121\060\213\212\262\230\114}{section.3}% 8
\BOOKMARK [1][-]{section.4}{\376\377\225\213\166\172\060\127\060\137\133\146\177\322\060\304\060\374\060\353\060\153\060\144\060\104\060\146}{}% 9
\BOOKMARK [2][-]{subsection.4.1}{\376\377\225\213\166\172\060\156\166\356\166\204}{section.4}% 10
\BOOKMARK [2][-]{subsection.4.2}{\376\377\133\376\214\141\060\150\060\131\060\213\133\146\177\322\200\005}{section.4}% 11
\BOOKMARK [2][-]{subsection.4.3}{\376\377\140\363\133\232\060\127\060\146\060\104\060\213\122\051\165\050\145\271\154\325}{section.4}% 12
\BOOKMARK [2][-]{subsection.4.4}{\376\377\122\051\165\050\164\260\130\203}{section.4}% 13
\BOOKMARK [2][-]{subsection.4.5}{\376\377\133\146\177\322\060\156\155\101\060\214}{section.4}% 14
\BOOKMARK [2][-]{subsection.4.6}{\376\377\133\146\177\322\060\304\060\374\060\353\060\156\151\313\142\020}{section.4}% 15
\BOOKMARK [3][-]{subsubsection.4.6.1}{\376\377\173\054\0001\220\350\060\000\145\207\133\127\060\156\137\067\212\277}{subsection.4.6}% 16
\BOOKMARK [3][-]{subsubsection.4.6.2}{\376\377\173\054\0002\220\350\060\000\202\162\060\156\175\104\060\177\124\010\060\217\060\133}{subsection.4.6}% 17
\BOOKMARK [3][-]{subsubsection.4.6.3}{\376\377\173\054\0003\220\350\060\000\060\260\060\351\060\325\060\156\117\134\142\020}{subsection.4.6}% 18
\BOOKMARK [1][-]{section.5}{\376\377\133\237\210\305\145\271\154\325}{}% 19
\BOOKMARK [2][-]{subsection.5.1}{\376\377\151\202\211\201}{section.5}% 20
\BOOKMARK [2][-]{subsection.5.2}{\376\377\060\265\060\374\060\320\060\265\060\244\060\311}{section.5}% 21
\BOOKMARK [3][-]{subsubsection.5.2.1}{\376\377\121\346\164\006\121\205\133\271}{subsection.5.2}% 22
\BOOKMARK [3][-]{subsubsection.5.2.2}{\376\377\117\177\165\050\060\127\060\146\060\104\060\213\212\000\212\236}{subsection.5.2}% 23
\BOOKMARK [2][-]{subsection.5.3}{\376\377\000D\000B}{section.5}% 24
\BOOKMARK [3][-]{subsubsection.5.3.1}{\376\377\000D\000B\060\156\212\055\212\010}{subsection.5.3}% 25
\BOOKMARK [3][-]{subsubsection.5.3.2}{\376\377\000D\000B\060\156\212\163\175\060}{subsection.5.3}% 26
\BOOKMARK [3][-]{subsubsection.5.3.3}{\376\377\117\177\165\050\060\127\060\137\000D\000B}{subsection.5.3}% 27
\BOOKMARK [1][-]{section.6}{\376\377\151\034\212\074}{}% 28
\BOOKMARK [2][-]{subsection.6.1}{\376\377\133\237\145\275\121\205\133\271}{section.6}% 29
\BOOKMARK [2][-]{subsection.6.2}{\376\377\212\125\117\241\230\005\166\356}{section.6}% 30
\BOOKMARK [1][-]{section.7}{\376\377\175\120\147\234}{}% 31
\BOOKMARK [1][-]{section.8}{\376\377\200\003\133\337}{}% 32
\BOOKMARK [1][-]{section.9}{\376\377\175\120\212\000}{}% 33
\BOOKMARK [1][-]{section*.4}{\376\377\213\035\217\236}{}% 34
\BOOKMARK [1][-]{appendix.A}{\376\377\117\134\142\020\060\127\060\137\060\327\060\355\060\260\060\351\060\340}{}% 35
\BOOKMARK [2][-]{subsection.A.1}{\376\377\000a\000p\000p\000.\000j\000s}{appendix.A}% 36
\BOOKMARK [2][-]{subsection.A.2}{\376\377\000l\000a\000y\000o\000u\000t\000-\0001\000a\000.\000e\000j\000s}{appendix.A}% 37
\BOOKMARK [2][-]{subsection.A.3}{\376\377\000f\000u\000n\000c\000.\000j\000s}{appendix.A}% 38
